<?xml version="1.0" encoding="UTF-8"?>
<!-- Generated by org.testng.reporters.JUnitXMLReporter -->
<testsuite hostname="soul-PC" ignored="0" name="Command line test" tests="3" failures="0" timestamp="09 nov. 2017 07:58:07 GMT" time="6.303" errors="0">
  <testcase name="createPhases" time="5.412" classname="com.bootcamp.tests.GenerateTableTest"/>
  <testcase name="createProgrammes" time="0.05" classname="com.bootcamp.tests.GenerateTableTest"/>
  <testcase name="useProgrammeCRUD" time="0.77" classname="com.bootcamp.tests.GenerateTableTest"/>
</testsuite> <!-- Command line test -->
