<?xml version="1.0" encoding="UTF-8"?>
<!-- Generated by org.testng.reporters.JUnitXMLReporter -->
<testsuite hostname="soul-PC" ignored="0" name="Command line test" tests="12" failures="0" timestamp="12 nov. 2017 11:55:05 GMT" time="5.083" errors="0">
  <testcase name="createBailleurs" time="4.194" classname="com.bootcamp.tests.BailleurCRUDTest"/>
  <testcase name="generateTables" time="0.009" classname="com.bootcamp.tests.BailleurCRUDTest"/>
  <testcase name="readAll" time="0.485" classname="com.bootcamp.tests.BailleurCRUDTest"/>
  <testcase name="readOne" time="0.083" classname="com.bootcamp.tests.BailleurCRUDTest"/>
  <testcase name="updateBailleur" time="0.009" classname="com.bootcamp.tests.BailleurCRUDTest"/>
  <testcase name="createDepartements" time="0.026" classname="com.bootcamp.tests.DepartementCrudTest"/>
  <testcase name="createPhases" time="0.047" classname="com.bootcamp.tests.GenerateTableTest"/>
  <testcase name="createProgrammes" time="0.032" classname="com.bootcamp.tests.GenerateTableTest"/>
  <testcase name="useProgrammeCRUD" time="0.068" classname="com.bootcamp.tests.GenerateTableTest"/>
  <testcase name="create" time="0.042" classname="com.bootcamp.tests.ProjetCRUDTest"/>
  <testcase name="findall" time="0.015" classname="com.bootcamp.tests.ProjetCRUDTest"/>
  <testcase name="update" time="0.02" classname="com.bootcamp.tests.ProjetCRUDTest"/>
</testsuite> <!-- Command line test -->
