<?xml version="1.0" encoding="UTF-8"?>
<testng-results skipped="0" failed="0" ignored="0" total="12" passed="12">
  <reporter-output>
  </reporter-output>
  <suite name="Command line suite" duration-ms="7792" started-at="2017-11-12T01:55:57Z" finished-at="2017-11-12T01:56:04Z">
    <groups>
    </groups>
    <test name="Command line test" duration-ms="7792" started-at="2017-11-12T01:55:57Z" finished-at="2017-11-12T01:56:04Z">
      <class name="com.bootcamp.tests.ProjetCRUDTest">
        <test-method status="PASS" signature="create()[pri:0, instance:com.bootcamp.tests.ProjetCRUDTest@1209079]" name="create" duration-ms="45" started-at="2017-11-12T02:56:04Z" finished-at="2017-11-12T02:56:04Z">
          <reporter-output>
          </reporter-output>
        </test-method> <!-- create -->
        <test-method status="PASS" signature="findall()[pri:0, instance:com.bootcamp.tests.ProjetCRUDTest@1209079]" name="findall" duration-ms="17" started-at="2017-11-12T02:56:04Z" finished-at="2017-11-12T02:56:04Z">
          <reporter-output>
          </reporter-output>
        </test-method> <!-- findall -->
        <test-method status="PASS" signature="update()[pri:0, instance:com.bootcamp.tests.ProjetCRUDTest@1209079]" name="update" duration-ms="23" started-at="2017-11-12T02:56:04Z" finished-at="2017-11-12T02:56:04Z">
          <reporter-output>
          </reporter-output>
        </test-method> <!-- update -->
      </class> <!-- com.bootcamp.tests.ProjetCRUDTest -->
      <class name="com.bootcamp.tests.GenerateTableTest">
        <test-method status="PASS" signature="createPhases()[pri:0, instance:com.bootcamp.tests.GenerateTableTest@17c7260]" name="createPhases" duration-ms="49" started-at="2017-11-12T02:56:04Z" finished-at="2017-11-12T02:56:04Z">
          <reporter-output>
          </reporter-output>
        </test-method> <!-- createPhases -->
        <test-method status="PASS" signature="createProgrammes()[pri:0, instance:com.bootcamp.tests.GenerateTableTest@17c7260]" name="createProgrammes" duration-ms="36" started-at="2017-11-12T02:56:04Z" finished-at="2017-11-12T02:56:04Z">
          <reporter-output>
          </reporter-output>
        </test-method> <!-- createProgrammes -->
        <test-method status="PASS" signature="useProgrammeCRUD()[pri:0, instance:com.bootcamp.tests.GenerateTableTest@17c7260]" name="useProgrammeCRUD" duration-ms="54" started-at="2017-11-12T02:56:04Z" finished-at="2017-11-12T02:56:04Z">
          <reporter-output>
          </reporter-output>
        </test-method> <!-- useProgrammeCRUD -->
      </class> <!-- com.bootcamp.tests.GenerateTableTest -->
      <class name="com.bootcamp.tests.BailleurCRUDTest">
        <test-method status="PASS" signature="createBailleurs()[pri:0, instance:com.bootcamp.tests.BailleurCRUDTest@134affc]" name="createBailleurs" duration-ms="6715" started-at="2017-11-12T02:55:57Z" finished-at="2017-11-12T02:56:03Z">
          <reporter-output>
          </reporter-output>
        </test-method> <!-- createBailleurs -->
        <test-method status="PASS" signature="generateTables()[pri:0, instance:com.bootcamp.tests.BailleurCRUDTest@134affc]" name="generateTables" duration-ms="11" started-at="2017-11-12T02:56:03Z" finished-at="2017-11-12T02:56:03Z">
          <reporter-output>
          </reporter-output>
        </test-method> <!-- generateTables -->
        <test-method status="PASS" signature="readAll()[pri:0, instance:com.bootcamp.tests.BailleurCRUDTest@134affc]" name="readAll" duration-ms="511" started-at="2017-11-12T02:56:03Z" finished-at="2017-11-12T02:56:04Z">
          <reporter-output>
          </reporter-output>
        </test-method> <!-- readAll -->
        <test-method status="PASS" signature="readOne()[pri:0, instance:com.bootcamp.tests.BailleurCRUDTest@134affc]" name="readOne" duration-ms="140" started-at="2017-11-12T02:56:04Z" finished-at="2017-11-12T02:56:04Z">
          <reporter-output>
          </reporter-output>
        </test-method> <!-- readOne -->
        <test-method status="PASS" signature="updateBailleur()[pri:0, instance:com.bootcamp.tests.BailleurCRUDTest@134affc]" name="updateBailleur" duration-ms="83" started-at="2017-11-12T02:56:04Z" finished-at="2017-11-12T02:56:04Z">
          <reporter-output>
          </reporter-output>
        </test-method> <!-- updateBailleur -->
      </class> <!-- com.bootcamp.tests.BailleurCRUDTest -->
      <class name="com.bootcamp.tests.DepartementCrudTest">
        <test-method status="PASS" signature="createDepartements()[pri:0, instance:com.bootcamp.tests.DepartementCrudTest@10375b3]" name="createDepartements" duration-ms="31" started-at="2017-11-12T02:56:04Z" finished-at="2017-11-12T02:56:04Z">
          <reporter-output>
          </reporter-output>
        </test-method> <!-- createDepartements -->
      </class> <!-- com.bootcamp.tests.DepartementCrudTest -->
    </test> <!-- Command line test -->
  </suite> <!-- Command line suite -->
</testng-results>
