<?xml version="1.0" encoding="UTF-8"?>
<testng-results skipped="0" failed="0" ignored="0" total="7" passed="7">
  <reporter-output>
  </reporter-output>
  <suite name="Command line suite" duration-ms="2217" started-at="2017-11-10T17:46:49Z" finished-at="2017-11-10T17:46:51Z">
    <groups>
    </groups>
    <test name="Command line test" duration-ms="2217" started-at="2017-11-10T17:46:49Z" finished-at="2017-11-10T17:46:51Z">
      <class name="com.bootcamp.tests.ProjetCRUDTest">
        <test-method status="PASS" signature="create()[pri:0, instance:com.bootcamp.tests.ProjetCRUDTest@d7b1517]" name="create" duration-ms="30" started-at="2017-11-10T18:46:51Z" finished-at="2017-11-10T18:46:51Z">
          <reporter-output>
          </reporter-output>
        </test-method> <!-- create -->
        <test-method status="PASS" signature="findall()[pri:0, instance:com.bootcamp.tests.ProjetCRUDTest@d7b1517]" name="findall" duration-ms="9" started-at="2017-11-10T18:46:51Z" finished-at="2017-11-10T18:46:51Z">
          <reporter-output>
          </reporter-output>
        </test-method> <!-- findall -->
        <test-method status="PASS" signature="update()[pri:0, instance:com.bootcamp.tests.ProjetCRUDTest@d7b1517]" name="update" duration-ms="22" started-at="2017-11-10T18:46:51Z" finished-at="2017-11-10T18:46:51Z">
          <reporter-output>
          </reporter-output>
        </test-method> <!-- update -->
      </class> <!-- com.bootcamp.tests.ProjetCRUDTest -->
      <class name="com.bootcamp.tests.GenerateTableTest">
        <test-method status="PASS" signature="createPhases()[pri:0, instance:com.bootcamp.tests.GenerateTableTest@2a18f23c]" name="createPhases" duration-ms="46" started-at="2017-11-10T18:46:51Z" finished-at="2017-11-10T18:46:51Z">
          <reporter-output>
          </reporter-output>
        </test-method> <!-- createPhases -->
        <test-method status="PASS" signature="createProgrammes()[pri:0, instance:com.bootcamp.tests.GenerateTableTest@2a18f23c]" name="createProgrammes" duration-ms="40" started-at="2017-11-10T18:46:51Z" finished-at="2017-11-10T18:46:51Z">
          <reporter-output>
          </reporter-output>
        </test-method> <!-- createProgrammes -->
        <test-method status="PASS" signature="useProgrammeCRUD()[pri:0, instance:com.bootcamp.tests.GenerateTableTest@2a18f23c]" name="useProgrammeCRUD" duration-ms="258" started-at="2017-11-10T18:46:51Z" finished-at="2017-11-10T18:46:51Z">
          <reporter-output>
          </reporter-output>
        </test-method> <!-- useProgrammeCRUD -->
      </class> <!-- com.bootcamp.tests.GenerateTableTest -->
      <class name="com.bootcamp.tests.DepartementCrudTest">
        <test-method status="PASS" signature="createDepartements()[pri:0, instance:com.bootcamp.tests.DepartementCrudTest@357246de]" name="createDepartements" duration-ms="1786" started-at="2017-11-10T18:46:49Z" finished-at="2017-11-10T18:46:51Z">
          <reporter-output>
          </reporter-output>
        </test-method> <!-- createDepartements -->
      </class> <!-- com.bootcamp.tests.DepartementCrudTest -->
    </test> <!-- Command line test -->
  </suite> <!-- Command line suite -->
</testng-results>
